#
# There is insufficient memory for the Java Runtime Environment to continue.
# Native memory allocation (malloc) failed to allocate 1074848 bytes. Error detail: Chunk::new
# Possible reasons:
#   The system is out of physical RAM or swap space
#   This process is running with CompressedOops enabled, and the Java Heap may be blocking the growth of the native heap
# Possible solutions:
#   Reduce memory load on the system
#   Increase physical memory or swap space
#   Check if swap backing store is full
#   Decrease Java heap size (-Xmx/-Xms)
#   Decrease number of Java threads
#   Decrease Java thread stack sizes (-Xss)
#   Set larger code cache with -XX:ReservedCodeCacheSize=
#   JVM is running with Unscaled Compressed Oops mode in which the Java heap is
#     placed in the first 4GB address space. The Java Heap base address is the
#     maximum limit for the native heap growth. Please use -XX:HeapBaseMinAddress
#     to set the Java Heap base and to place the Java Heap above 4GB virtual address.
# This output file may be truncated or incomplete.
#
#  Out of Memory Error (arena.cpp:191), pid=1816, tid=5076
#
# JRE version: OpenJDK Runtime Environment Temurin-17.0.12+7 (17.0.12+7) (build 17.0.12+7)
# Java VM: OpenJDK 64-Bit Server VM Temurin-17.0.12+7 (17.0.12+7, mixed mode, tiered, compressed oops, compressed class ptrs, parallel gc, windows-amd64)
# No core dump will be written. Minidumps are not enabled by default on client versions of Windows
#

---------------  S U M M A R Y ------------

Command Line: --add-modules=ALL-SYSTEM --add-opens=java.base/java.util=ALL-UNNAMED --add-opens=java.base/java.lang=ALL-UNNAMED --add-opens=java.base/sun.nio.fs=ALL-UNNAMED -Declipse.application=org.eclipse.jdt.ls.core.id1 -Dosgi.bundles.defaultStartLevel=4 -Declipse.product=org.eclipse.jdt.ls.core.product -Djava.import.generatesMetadataFilesAtProjectRoot=false -DDetectVMInstallationsJob.disabled=true -Dfile.encoding=utf8 -XX:+UseParallelGC -XX:GCTimeRatio=4 -XX:AdaptiveSizePolicyWeight=90 -Dsun.zip.disableMemoryMapping=true -Xmx1G -Xms100m -Xlog:disable -javaagent:c:\Users\S3dwi\.vscode\extensions\redhat.java-1.35.1-win32-x64\lombok\lombok-1.18.33.jar c:\Users\S3dwi\.vscode\extensions\redhat.java-1.35.1-win32-x64\server\plugins\org.eclipse.equinox.launcher_1.6.900.v20240613-2009.jar -configuration c:\Users\S3dwi\AppData\Roaming\Code\User\globalStorage\redhat.java\1.35.1\config_ss_win -data c:\Users\S3dwi\AppData\Roaming\Code\User\workspaceStorage\b6c9b7849f7b5e5c9b540ff319470929\redhat.java\ss_ws --pipe=\\.\pipe\lsp-0ae36b753f5114b88507a72b305ae037-sock

Host: Intel(R) Core(TM) i5-10400F CPU @ 2.90GHz, 12 cores, 15G,  Windows 10 , 64 bit Build 19041 (10.0.19041.4957)
Time: Wed Oct  2 22:02:25 2024 Arab Standard Time elapsed time: 12.862785 seconds (0d 0h 0m 12s)

---------------  T H R E A D  ---------------

Current thread (0x00000257b9b72530):  JavaThread "C2 CompilerThread0" daemon [_thread_in_native, id=5076, stack(0x000000ca1bc00000,0x000000ca1bd00000)]


Current CompileTask:
C2:  12862 3918   !   4       jdk.internal.jrtfs.JrtFileSystem::lookup (23 bytes)

Stack: [0x000000ca1bc00000,0x000000ca1bd00000]
Native frames: (J=compiled Java code, j=interpreted, Vv=VM code, C=native code)
V  [jvm.dll+0x67f929]
V  [jvm.dll+0x8371ba]
V  [jvm.dll+0x838c7e]
V  [jvm.dll+0x8392e3]
V  [jvm.dll+0x24834f]
V  [jvm.dll+0xac9d4]
V  [jvm.dll+0xad01c]
V  [jvm.dll+0x3674a7]
V  [jvm.dll+0x1bd562]
V  [jvm.dll+0x21aa09]
V  [jvm.dll+0x219cf1]
V  [jvm.dll+0x1a58bd]
V  [jvm.dll+0x229a2d]
V  [jvm.dll+0x227bdc]
V  [jvm.dll+0x7ec1f7]
V  [jvm.dll+0x7e65dc]
V  [jvm.dll+0x67e7f7]
C  [ucrtbase.dll+0x21bb2]
C  [KERNEL32.DLL+0x17374]
C  [ntdll.dll+0x4cc91]


---------------  P R O C E S S  ---------------

Threads class SMR info:
_java_thread_list=0x00000257bcca2950, length=38, elements={
0x00000257a099f230, 0x00000257a0a55530, 0x00000257b483b8f0, 0x00000257b9b682a0,
0x00000257b9b69030, 0x00000257b9b6a460, 0x00000257b9b6d4f0, 0x00000257b9b72530,
0x00000257b9b739f0, 0x00000257b9b75280, 0x00000257b9cafe00, 0x00000257b9e84460,
0x00000257bb6a4d80, 0x00000257bb611ea0, 0x00000257bb69ccd0, 0x00000257bb76eb50,
0x00000257bbb491c0, 0x00000257bbb48290, 0x00000257bbb47d80, 0x00000257bbb487a0,
0x00000257bbb4a600, 0x00000257bbb4ab10, 0x00000257bbb4a0f0, 0x00000257bbb4b020,
0x00000257bbb48cb0, 0x00000257bbb496d0, 0x00000257bbb49be0, 0x00000257bbfb61b0,
0x00000257bbfb10b0, 0x00000257bbfb15c0, 0x00000257bbfb66c0, 0x00000257bbfb70e0,
0x00000257bbfb1fe0, 0x00000257bbfb2a00, 0x00000257bbfb3e40, 0x00000257bbfb8010,
0x00000257bbfb3420, 0x00000257bd37c070
}

Java Threads: ( => current thread )
  0x00000257a099f230 JavaThread "main" [_thread_blocked, id=18164, stack(0x000000ca1b300000,0x000000ca1b400000)]
  0x00000257a0a55530 JavaThread "Reference Handler" daemon [_thread_blocked, id=2784, stack(0x000000ca1b600000,0x000000ca1b700000)]
  0x00000257b483b8f0 JavaThread "Finalizer" daemon [_thread_blocked, id=2356, stack(0x000000ca1b700000,0x000000ca1b800000)]
  0x00000257b9b682a0 JavaThread "Signal Dispatcher" daemon [_thread_blocked, id=8056, stack(0x000000ca1b800000,0x000000ca1b900000)]
  0x00000257b9b69030 JavaThread "Attach Listener" daemon [_thread_blocked, id=6376, stack(0x000000ca1b900000,0x000000ca1ba00000)]
  0x00000257b9b6a460 JavaThread "Service Thread" daemon [_thread_blocked, id=15408, stack(0x000000ca1ba00000,0x000000ca1bb00000)]
  0x00000257b9b6d4f0 JavaThread "Monitor Deflation Thread" daemon [_thread_blocked, id=20200, stack(0x000000ca1bb00000,0x000000ca1bc00000)]
=>0x00000257b9b72530 JavaThread "C2 CompilerThread0" daemon [_thread_in_native, id=5076, stack(0x000000ca1bc00000,0x000000ca1bd00000)]
  0x00000257b9b739f0 JavaThread "C1 CompilerThread0" daemon [_thread_blocked, id=23400, stack(0x000000ca1bd00000,0x000000ca1be00000)]
  0x00000257b9b75280 JavaThread "Sweeper thread" daemon [_thread_blocked, id=6632, stack(0x000000ca1be00000,0x000000ca1bf00000)]
  0x00000257b9cafe00 JavaThread "Common-Cleaner" daemon [_thread_blocked, id=3108, stack(0x000000ca1bf00000,0x000000ca1c000000)]
  0x00000257b9e84460 JavaThread "Notification Thread" daemon [_thread_blocked, id=19180, stack(0x000000ca1c000000,0x000000ca1c100000)]
  0x00000257bb6a4d80 JavaThread "Active Thread: Equinox Container: 5a04a42f-827f-4845-9ae4-75bda2c773ef" [_thread_blocked, id=16112, stack(0x000000ca1c800000,0x000000ca1c900000)]
  0x00000257bb611ea0 JavaThread "Framework Event Dispatcher: Equinox Container: 5a04a42f-827f-4845-9ae4-75bda2c773ef" daemon [_thread_blocked, id=1544, stack(0x000000ca1c900000,0x000000ca1ca00000)]
  0x00000257bb69ccd0 JavaThread "Start Level: Equinox Container: 5a04a42f-827f-4845-9ae4-75bda2c773ef" daemon [_thread_blocked, id=24572, stack(0x000000ca1cb00000,0x000000ca1cc00000)]
  0x00000257bb76eb50 JavaThread "SCR Component Actor" daemon [_thread_blocked, id=17948, stack(0x000000ca1cc00000,0x000000ca1cd00000)]
  0x00000257bbb491c0 JavaThread "Worker-JM" [_thread_blocked, id=21912, stack(0x000000ca1ca00000,0x000000ca1cb00000)]
  0x00000257bbb48290 JavaThread "Worker-0" [_thread_blocked, id=17724, stack(0x000000ca1d100000,0x000000ca1d200000)]
  0x00000257bbb47d80 JavaThread "Worker-1: Building" [_thread_in_Java, id=10632, stack(0x000000ca1d200000,0x000000ca1d300000)]
  0x00000257bbb487a0 JavaThread "JNA Cleaner" daemon [_thread_blocked, id=18152, stack(0x000000ca1d300000,0x000000ca1d400000)]
  0x00000257bbb4a600 JavaThread "Thread-2" daemon [_thread_in_native, id=22052, stack(0x000000ca1d400000,0x000000ca1d500000)]
  0x00000257bbb4ab10 JavaThread "Thread-3" daemon [_thread_in_native, id=23092, stack(0x000000ca1d500000,0x000000ca1d600000)]
  0x00000257bbb4a0f0 JavaThread "Thread-4" daemon [_thread_in_native, id=23748, stack(0x000000ca1d600000,0x000000ca1d700000)]
  0x00000257bbb4b020 JavaThread "Thread-5" daemon [_thread_in_native, id=18760, stack(0x000000ca1d700000,0x000000ca1d800000)]
  0x00000257bbb48cb0 JavaThread "Thread-6" daemon [_thread_in_native, id=11924, stack(0x000000ca1d800000,0x000000ca1d900000)]
  0x00000257bbb496d0 JavaThread "Thread-7" daemon [_thread_in_native, id=6940, stack(0x000000ca1d900000,0x000000ca1da00000)]
  0x00000257bbb49be0 JavaThread "Thread-8" daemon [_thread_in_native, id=15980, stack(0x000000ca1da00000,0x000000ca1db00000)]
  0x00000257bbfb61b0 JavaThread "Thread-9" daemon [_thread_in_native, id=14164, stack(0x000000ca1db00000,0x000000ca1dc00000)]
  0x00000257bbfb10b0 JavaThread "Thread-10" daemon [_thread_in_native, id=7636, stack(0x000000ca1dc00000,0x000000ca1dd00000)]
  0x00000257bbfb15c0 JavaThread "Thread-11" daemon [_thread_in_native, id=22268, stack(0x000000ca1dd00000,0x000000ca1de00000)]
  0x00000257bbfb66c0 JavaThread "Thread-12" daemon [_thread_in_native, id=100, stack(0x000000ca1de00000,0x000000ca1df00000)]
  0x00000257bbfb70e0 JavaThread "Thread-13" daemon [_thread_in_native, id=5860, stack(0x000000ca1df00000,0x000000ca1e000000)]
  0x00000257bbfb1fe0 JavaThread "Thread-14" daemon [_thread_in_native, id=22664, stack(0x000000ca1e000000,0x000000ca1e100000)]
  0x00000257bbfb2a00 JavaThread "pool-2-thread-1" [_thread_blocked, id=21544, stack(0x000000ca1e100000,0x000000ca1e200000)]
  0x00000257bbfb3e40 JavaThread "WorkspaceEventsHandler" [_thread_blocked, id=15104, stack(0x000000ca1e200000,0x000000ca1e300000)]
  0x00000257bbfb8010 JavaThread "pool-1-thread-1" [_thread_blocked, id=16032, stack(0x000000ca1e300000,0x000000ca1e400000)]
  0x00000257bbfb3420 JavaThread "Worker-2" [_thread_blocked, id=23288, stack(0x000000ca1e400000,0x000000ca1e500000)]
  0x00000257bd37c070 JavaThread "C2 CompilerThread1" daemon [_thread_in_native, id=10628, stack(0x000000ca1ce00000,0x000000ca1cf00000)]

Other Threads:
  0x00000257a0a548c0 VMThread "VM Thread" [stack: 0x000000ca1b500000,0x000000ca1b600000] [id=17176]
  0x00000257b9e86290 WatcherThread [stack: 0x000000ca1c100000,0x000000ca1c200000] [id=3848]
  0x00000257a09b2a30 GCTaskThread "GC Thread#0" [stack: 0x000000ca1b400000,0x000000ca1b500000] [id=24548]
  0x00000257bb545770 GCTaskThread "GC Thread#1" [stack: 0x000000ca1c200000,0x000000ca1c300000] [id=19304]
  0x00000257bb5980d0 GCTaskThread "GC Thread#2" [stack: 0x000000ca1c300000,0x000000ca1c400000] [id=6100]
  0x00000257bb598390 GCTaskThread "GC Thread#3" [stack: 0x000000ca1c400000,0x000000ca1c500000] [id=21356]
  0x00000257bb598650 GCTaskThread "GC Thread#4" [stack: 0x000000ca1c500000,0x000000ca1c600000] [id=18304]
  0x00000257bb598910 GCTaskThread "GC Thread#5" [stack: 0x000000ca1c600000,0x000000ca1c700000] [id=15540]
  0x00000257bb598bd0 GCTaskThread "GC Thread#6" [stack: 0x000000ca1c700000,0x000000ca1c800000] [id=2752]
  0x00000257bb761170 GCTaskThread "GC Thread#7" [stack: 0x000000ca1cd00000,0x000000ca1ce00000] [id=12076]
  0x00000257bbb62b70 GCTaskThread "GC Thread#8" [stack: 0x000000ca1cf00000,0x000000ca1d000000] [id=19688]
  0x00000257bbc507a0 GCTaskThread "GC Thread#9" [stack: 0x000000ca1d000000,0x000000ca1d100000] [id=14028]

Threads with active compile tasks:
C2 CompilerThread0    12893 3918   !   4       jdk.internal.jrtfs.JrtFileSystem::lookup (23 bytes)
C2 CompilerThread1    12893 4094       4       jdk.internal.jrtfs.JrtFileSystem$$Lambda$263/0x0000000100458000::apply (16 bytes)

VM state: not at safepoint (normal execution)

VM Mutex/Monitor currently owned by a thread: None

Heap address: 0x00000000c0000000, size: 1024 MB, Compressed Oops mode: 32-bit

CDS archive(s) not mapped
Compressed class space mapped at: 0x0000000100000000-0x0000000140000000, reserved size: 1073741824
Narrow klass base: 0x0000000000000000, Narrow klass shift: 3, Narrow klass range: 0x140000000

GC Precious Log:
 CPUs: 12 total, 12 available
 Memory: 16278M
 Large Page Support: Disabled
 NUMA Support: Disabled
 Compressed Oops: Enabled (32-bit)
 Alignments: Space 512K, Generation 512K, Heap 2M
 Heap Min Capacity: 100M
 Heap Initial Capacity: 100M
 Heap Max Capacity: 1G
 Pre-touch: Disabled
 Parallel Workers: 10

Heap:
 PSYoungGen      total 24576K, used 21359K [0x00000000eab00000, 0x00000000ec580000, 0x0000000100000000)
  eden space 22016K, 87% used [0x00000000eab00000,0x00000000ebdc3d00,0x00000000ec080000)
  from space 2560K, 83% used [0x00000000ec300000,0x00000000ec518010,0x00000000ec580000)
  to   space 2560K, 0% used [0x00000000ec080000,0x00000000ec080000,0x00000000ec300000)
 ParOldGen       total 68608K, used 24751K [0x00000000c0000000, 0x00000000c4300000, 0x00000000eab00000)
  object space 68608K, 36% used [0x00000000c0000000,0x00000000c182bc48,0x00000000c4300000)
 Metaspace       used 41006K, committed 41728K, reserved 1114112K
  class space    used 4155K, committed 4480K, reserved 1048576K

Card table byte_map: [0x00000257a0340000,0x00000257a0550000] _byte_map_base: 0x000002579fd40000

Marking Bits: (ParMarkBitMap*) 0x00007ffab24d58b0
 Begin Bits: [0x00000257b2640000, 0x00000257b3640000)
 End Bits:   [0x00000257b3640000, 0x00000257b4640000)

Polling page: 0x000002579e980000

Metaspace:

Usage:
  Non-class:     35.99 MB used.
      Class:      4.06 MB used.
       Both:     40.05 MB used.

Virtual space:
  Non-class space:       64.00 MB reserved,      36.38 MB ( 57%) committed,  1 nodes.
      Class space:        1.00 GB reserved,       4.38 MB ( <1%) committed,  1 nodes.
             Both:        1.06 GB reserved,      40.75 MB (  4%) committed. 

Chunk freelists:
   Non-Class:  11.59 MB
       Class:  11.55 MB
        Both:  23.14 MB

MaxMetaspaceSize: unlimited
CompressedClassSpaceSize: 1.00 GB
Initial GC threshold: 21.00 MB
Current GC threshold: 58.38 MB
CDS: off
MetaspaceReclaimPolicy: balanced
 - commit_granule_bytes: 65536.
 - commit_granule_words: 8192.
 - virtual_space_node_default_size: 8388608.
 - enlarge_chunks_in_place: 1.
 - new_chunks_are_fully_committed: 0.
 - uncommit_free_chunks: 1.
 - use_allocation_guard: 0.
 - handle_deallocations: 1.


Internal statistics:

num_allocs_failed_limit: 6.
num_arena_births: 462.
num_arena_deaths: 14.
num_vsnodes_births: 2.
num_vsnodes_deaths: 0.
num_space_committed: 652.
num_space_uncommitted: 0.
num_chunks_returned_to_freelist: 20.
num_chunks_taken_from_freelist: 1787.
num_chunk_merges: 11.
num_chunk_splits: 1156.
num_chunks_enlarged: 774.
num_inconsistent_stats: 0.

CodeHeap 'non-profiled nmethods': size=120000Kb used=2030Kb max_used=2030Kb free=117969Kb
 bounds [0x00000257ab110000, 0x00000257ab380000, 0x00000257b2640000]
CodeHeap 'profiled nmethods': size=120000Kb used=8113Kb max_used=8113Kb free=111886Kb
 bounds [0x00000257a3640000, 0x00000257a3e30000, 0x00000257aab70000]
CodeHeap 'non-nmethods': size=5760Kb used=1302Kb max_used=1386Kb free=4457Kb
 bounds [0x00000257aab70000, 0x00000257aade0000, 0x00000257ab110000]
 total_blobs=4716 nmethods=4084 adapters=546
 compilation: enabled
              stopped_count=0, restarted_count=0
 full_count=0

Compilation events (20 events):
Event: 12.728 Thread 0x00000257b9b739f0 4105       2       sun.nio.fs.WindowsPath::toAbsolutePath (5 bytes)
Event: 12.728 Thread 0x00000257b9b739f0 nmethod 4105 0x00000257a3e29890 code [0x00000257a3e29a20, 0x00000257a3e29b48]
Event: 12.728 Thread 0x00000257b9b739f0 4106       2       sun.nio.fs.WindowsPath::equals (28 bytes)
Event: 12.728 Thread 0x00000257b9b739f0 nmethod 4106 0x00000257a3e29c10 code [0x00000257a3e29dc0, 0x00000257a3e29fa8]
Event: 12.728 Thread 0x00000257b9b739f0 4108       2       org.eclipse.jdt.internal.compiler.util.CharDeduplication::sharedCopyOfRange (190 bytes)
Event: 12.728 Thread 0x00000257b9b739f0 nmethod 4108 0x00000257a3e2a090 code [0x00000257a3e2a280, 0x00000257a3e2a748]
Event: 12.733 Thread 0x00000257bd37c070 nmethod 3967 0x00000257ab301790 code [0x00000257ab301940, 0x00000257ab302158]
Event: 12.734 Thread 0x00000257bd37c070 4107       4       org.eclipse.jdt.core.compiler.CharOperation::replace (35 bytes)
Event: 12.736 Thread 0x00000257bd37c070 nmethod 4107 0x00000257ab302610 code [0x00000257ab302780, 0x00000257ab302918]
Event: 12.736 Thread 0x00000257bd37c070 3885       4       java.util.ArrayList$SubList::iterator (5 bytes)
Event: 12.740 Thread 0x00000257bd37c070 nmethod 3885 0x00000257ab302a10 code [0x00000257ab302ba0, 0x00000257ab302cf8]
Event: 12.740 Thread 0x00000257bd37c070 3966       4       java.util.ArrayList$SubList$1::<init> (39 bytes)
Event: 12.741 Thread 0x00000257bd37c070 nmethod 3966 0x00000257ab302e90 code [0x00000257ab303000, 0x00000257ab3030b8]
Event: 12.741 Thread 0x00000257bd37c070 4018       4       java.util.Spliterators$1Adapter::hasNext (23 bytes)
Event: 12.810 Thread 0x00000257bd37c070 nmethod 4018 0x00000257ab303190 code [0x00000257ab3034a0, 0x00000257ab304a30]
Event: 12.810 Thread 0x00000257bd37c070 4073   !   4       java.nio.file.FileTreeWalker::next (144 bytes)
Event: 12.831 Thread 0x00000257b9b739f0 4117       2       org.eclipse.jdt.internal.compiler.util.SimpleSet::addIfNotIncluded (83 bytes)
Event: 12.831 Thread 0x00000257b9b739f0 nmethod 4117 0x00000257a3e2aa90 code [0x00000257a3e2ac60, 0x00000257a3e2afc8]
Event: 12.837 Thread 0x00000257b9b739f0 4120       2       org.eclipse.jdt.internal.compiler.util.SimpleSet::add (90 bytes)
Event: 12.837 Thread 0x00000257b9b739f0 nmethod 4120 0x00000257a3e2b210 code [0x00000257a3e2b400, 0x00000257a3e2b808]

GC Heap History (20 events):
Event: 6.511 GC heap before
{Heap before GC invocations=9 (full 1):
 PSYoungGen      total 27136K, used 27123K [0x00000000eab00000, 0x00000000ecc80000, 0x0000000100000000)
  eden space 24064K, 100% used [0x00000000eab00000,0x00000000ec280000,0x00000000ec280000)
  from space 3072K, 99% used [0x00000000ec300000,0x00000000ec5fcc90,0x00000000ec600000)
  to   space 5120K, 0% used [0x00000000ec780000,0x00000000ec780000,0x00000000ecc80000)
 ParOldGen       total 68608K, used 8168K [0x00000000c0000000, 0x00000000c4300000, 0x00000000eab00000)
  object space 68608K, 11% used [0x00000000c0000000,0x00000000c07fa348,0x00000000c4300000)
 Metaspace       used 34105K, committed 34752K, reserved 1114112K
  class space    used 3412K, committed 3648K, reserved 1048576K
}
Event: 6.513 GC heap after
{Heap after GC invocations=9 (full 1):
 PSYoungGen      total 28160K, used 4218K [0x00000000eab00000, 0x00000000ecc00000, 0x0000000100000000)
  eden space 23552K, 0% used [0x00000000eab00000,0x00000000eab00000,0x00000000ec200000)
  from space 4608K, 91% used [0x00000000ec780000,0x00000000ecb9e888,0x00000000ecc00000)
  to   space 4608K, 0% used [0x00000000ec300000,0x00000000ec300000,0x00000000ec780000)
 ParOldGen       total 68608K, used 8176K [0x00000000c0000000, 0x00000000c4300000, 0x00000000eab00000)
  object space 68608K, 11% used [0x00000000c0000000,0x00000000c07fc348,0x00000000c4300000)
 Metaspace       used 34105K, committed 34752K, reserved 1114112K
  class space    used 3412K, committed 3648K, reserved 1048576K
}
Event: 10.809 GC heap before
{Heap before GC invocations=10 (full 1):
 PSYoungGen      total 28160K, used 11719K [0x00000000eab00000, 0x00000000ecc00000, 0x0000000100000000)
  eden space 23552K, 31% used [0x00000000eab00000,0x00000000eb253578,0x00000000ec200000)
  from space 4608K, 91% used [0x00000000ec780000,0x00000000ecb9e888,0x00000000ecc00000)
  to   space 4608K, 0% used [0x00000000ec300000,0x00000000ec300000,0x00000000ec780000)
 ParOldGen       total 68608K, used 8176K [0x00000000c0000000, 0x00000000c4300000, 0x00000000eab00000)
  object space 68608K, 11% used [0x00000000c0000000,0x00000000c07fc348,0x00000000c4300000)
 Metaspace       used 35161K, committed 35840K, reserved 1114112K
  class space    used 3527K, committed 3840K, reserved 1048576K
}
Event: 10.812 GC heap after
{Heap after GC invocations=10 (full 1):
 PSYoungGen      total 27136K, used 3463K [0x00000000eab00000, 0x00000000eca00000, 0x0000000100000000)
  eden space 23552K, 0% used [0x00000000eab00000,0x00000000eab00000,0x00000000ec200000)
  from space 3584K, 96% used [0x00000000ec300000,0x00000000ec661f78,0x00000000ec680000)
  to   space 3584K, 0% used [0x00000000ec680000,0x00000000ec680000,0x00000000eca00000)
 ParOldGen       total 68608K, used 9640K [0x00000000c0000000, 0x00000000c4300000, 0x00000000eab00000)
  object space 68608K, 14% used [0x00000000c0000000,0x00000000c096a3a8,0x00000000c4300000)
 Metaspace       used 35161K, committed 35840K, reserved 1114112K
  class space    used 3527K, committed 3840K, reserved 1048576K
}
Event: 10.812 GC heap before
{Heap before GC invocations=11 (full 2):
 PSYoungGen      total 27136K, used 3463K [0x00000000eab00000, 0x00000000eca00000, 0x0000000100000000)
  eden space 23552K, 0% used [0x00000000eab00000,0x00000000eab00000,0x00000000ec200000)
  from space 3584K, 96% used [0x00000000ec300000,0x00000000ec661f78,0x00000000ec680000)
  to   space 3584K, 0% used [0x00000000ec680000,0x00000000ec680000,0x00000000eca00000)
 ParOldGen       total 68608K, used 9640K [0x00000000c0000000, 0x00000000c4300000, 0x00000000eab00000)
  object space 68608K, 14% used [0x00000000c0000000,0x00000000c096a3a8,0x00000000c4300000)
 Metaspace       used 35161K, committed 35840K, reserved 1114112K
  class space    used 3527K, committed 3840K, reserved 1048576K
}
Event: 10.831 GC heap after
{Heap after GC invocations=11 (full 2):
 PSYoungGen      total 27136K, used 0K [0x00000000eab00000, 0x00000000eca00000, 0x0000000100000000)
  eden space 23552K, 0% used [0x00000000eab00000,0x00000000eab00000,0x00000000ec200000)
  from space 3584K, 0% used [0x00000000ec300000,0x00000000ec300000,0x00000000ec680000)
  to   space 3584K, 0% used [0x00000000ec680000,0x00000000ec680000,0x00000000eca00000)
 ParOldGen       total 68608K, used 12655K [0x00000000c0000000, 0x00000000c4300000, 0x00000000eab00000)
  object space 68608K, 18% used [0x00000000c0000000,0x00000000c0c5bf08,0x00000000c4300000)
 Metaspace       used 35161K, committed 35840K, reserved 1114112K
  class space    used 3527K, committed 3840K, reserved 1048576K
}
Event: 11.525 GC heap before
{Heap before GC invocations=12 (full 2):
 PSYoungGen      total 27136K, used 23546K [0x00000000eab00000, 0x00000000eca00000, 0x0000000100000000)
  eden space 23552K, 99% used [0x00000000eab00000,0x00000000ec1feb08,0x00000000ec200000)
  from space 3584K, 0% used [0x00000000ec300000,0x00000000ec300000,0x00000000ec680000)
  to   space 3584K, 0% used [0x00000000ec680000,0x00000000ec680000,0x00000000eca00000)
 ParOldGen       total 68608K, used 12655K [0x00000000c0000000, 0x00000000c4300000, 0x00000000eab00000)
  object space 68608K, 18% used [0x00000000c0000000,0x00000000c0c5bf08,0x00000000c4300000)
 Metaspace       used 38726K, committed 39488K, reserved 1114112K
  class space    used 3890K, committed 4224K, reserved 1048576K
}
Event: 11.526 GC heap after
{Heap after GC invocations=12 (full 2):
 PSYoungGen      total 25088K, used 1980K [0x00000000eab00000, 0x00000000ec880000, 0x0000000100000000)
  eden space 23040K, 0% used [0x00000000eab00000,0x00000000eab00000,0x00000000ec180000)
  from space 2048K, 96% used [0x00000000ec680000,0x00000000ec86f358,0x00000000ec880000)
  to   space 3072K, 0% used [0x00000000ec280000,0x00000000ec280000,0x00000000ec580000)
 ParOldGen       total 68608K, used 12663K [0x00000000c0000000, 0x00000000c4300000, 0x00000000eab00000)
  object space 68608K, 18% used [0x00000000c0000000,0x00000000c0c5df08,0x00000000c4300000)
 Metaspace       used 38726K, committed 39488K, reserved 1114112K
  class space    used 3890K, committed 4224K, reserved 1048576K
}
Event: 12.083 GC heap before
{Heap before GC invocations=13 (full 2):
 PSYoungGen      total 25088K, used 25020K [0x00000000eab00000, 0x00000000ec880000, 0x0000000100000000)
  eden space 23040K, 100% used [0x00000000eab00000,0x00000000ec180000,0x00000000ec180000)
  from space 2048K, 96% used [0x00000000ec680000,0x00000000ec86f358,0x00000000ec880000)
  to   space 3072K, 0% used [0x00000000ec280000,0x00000000ec280000,0x00000000ec580000)
 ParOldGen       total 68608K, used 12663K [0x00000000c0000000, 0x00000000c4300000, 0x00000000eab00000)
  object space 68608K, 18% used [0x00000000c0000000,0x00000000c0c5df08,0x00000000c4300000)
 Metaspace       used 40654K, committed 41408K, reserved 1114112K
  class space    used 4131K, committed 4416K, reserved 1048576K
}
Event: 12.086 GC heap after
{Heap after GC invocations=13 (full 2):
 PSYoungGen      total 25600K, used 2596K [0x00000000eab00000, 0x00000000ec700000, 0x0000000100000000)
  eden space 22528K, 0% used [0x00000000eab00000,0x00000000eab00000,0x00000000ec100000)
  from space 3072K, 84% used [0x00000000ec280000,0x00000000ec509028,0x00000000ec580000)
  to   space 1536K, 0% used [0x00000000ec580000,0x00000000ec580000,0x00000000ec700000)
 ParOldGen       total 68608K, used 13595K [0x00000000c0000000, 0x00000000c4300000, 0x00000000eab00000)
  object space 68608K, 19% used [0x00000000c0000000,0x00000000c0d46c70,0x00000000c4300000)
 Metaspace       used 40654K, committed 41408K, reserved 1114112K
  class space    used 4131K, committed 4416K, reserved 1048576K
}
Event: 12.363 GC heap before
{Heap before GC invocations=14 (full 2):
 PSYoungGen      total 25600K, used 25124K [0x00000000eab00000, 0x00000000ec700000, 0x0000000100000000)
  eden space 22528K, 100% used [0x00000000eab00000,0x00000000ec100000,0x00000000ec100000)
  from space 3072K, 84% used [0x00000000ec280000,0x00000000ec509028,0x00000000ec580000)
  to   space 1536K, 0% used [0x00000000ec580000,0x00000000ec580000,0x00000000ec700000)
 ParOldGen       total 68608K, used 13595K [0x00000000c0000000, 0x00000000c4300000, 0x00000000eab00000)
  object space 68608K, 19% used [0x00000000c0000000,0x00000000c0d46c70,0x00000000c4300000)
 Metaspace       used 40762K, committed 41472K, reserved 1114112K
  class space    used 4138K, committed 4416K, reserved 1048576K
}
Event: 12.368 GC heap after
{Heap after GC invocations=14 (full 2):
 PSYoungGen      total 23552K, used 1521K [0x00000000eab00000, 0x00000000eca80000, 0x0000000100000000)
  eden space 22016K, 0% used [0x00000000eab00000,0x00000000eab00000,0x00000000ec080000)
  from space 1536K, 99% used [0x00000000ec580000,0x00000000ec6fc410,0x00000000ec700000)
  to   space 5120K, 0% used [0x00000000ec080000,0x00000000ec080000,0x00000000ec580000)
 ParOldGen       total 68608K, used 16491K [0x00000000c0000000, 0x00000000c4300000, 0x00000000eab00000)
  object space 68608K, 24% used [0x00000000c0000000,0x00000000c101aee0,0x00000000c4300000)
 Metaspace       used 40762K, committed 41472K, reserved 1114112K
  class space    used 4138K, committed 4416K, reserved 1048576K
}
Event: 12.491 GC heap before
{Heap before GC invocations=15 (full 2):
 PSYoungGen      total 23552K, used 23537K [0x00000000eab00000, 0x00000000eca80000, 0x0000000100000000)
  eden space 22016K, 100% used [0x00000000eab00000,0x00000000ec080000,0x00000000ec080000)
  from space 1536K, 99% used [0x00000000ec580000,0x00000000ec6fc410,0x00000000ec700000)
  to   space 5120K, 0% used [0x00000000ec080000,0x00000000ec080000,0x00000000ec580000)
 ParOldGen       total 68608K, used 16491K [0x00000000c0000000, 0x00000000c4300000, 0x00000000eab00000)
  object space 68608K, 24% used [0x00000000c0000000,0x00000000c101aee0,0x00000000c4300000)
 Metaspace       used 40794K, committed 41536K, reserved 1114112K
  class space    used 4138K, committed 4416K, reserved 1048576K
}
Event: 12.494 GC heap after
{Heap after GC invocations=15 (full 2):
 PSYoungGen      total 24576K, used 2146K [0x00000000eab00000, 0x00000000ec680000, 0x0000000100000000)
  eden space 22016K, 0% used [0x00000000eab00000,0x00000000eab00000,0x00000000ec080000)
  from space 2560K, 83% used [0x00000000ec080000,0x00000000ec298810,0x00000000ec300000)
  to   space 3072K, 0% used [0x00000000ec380000,0x00000000ec380000,0x00000000ec680000)
 ParOldGen       total 68608K, used 17899K [0x00000000c0000000, 0x00000000c4300000, 0x00000000eab00000)
  object space 68608K, 26% used [0x00000000c0000000,0x00000000c117aee0,0x00000000c4300000)
 Metaspace       used 40794K, committed 41536K, reserved 1114112K
  class space    used 4138K, committed 4416K, reserved 1048576K
}
Event: 12.656 GC heap before
{Heap before GC invocations=16 (full 2):
 PSYoungGen      total 24576K, used 24162K [0x00000000eab00000, 0x00000000ec680000, 0x0000000100000000)
  eden space 22016K, 100% used [0x00000000eab00000,0x00000000ec080000,0x00000000ec080000)
  from space 2560K, 83% used [0x00000000ec080000,0x00000000ec298810,0x00000000ec300000)
  to   space 3072K, 0% used [0x00000000ec380000,0x00000000ec380000,0x00000000ec680000)
 ParOldGen       total 68608K, used 17899K [0x00000000c0000000, 0x00000000c4300000, 0x00000000eab00000)
  object space 68608K, 26% used [0x00000000c0000000,0x00000000c117aee0,0x00000000c4300000)
 Metaspace       used 40939K, committed 41600K, reserved 1114112K
  class space    used 4148K, committed 4416K, reserved 1048576K
}
Event: 12.661 GC heap after
{Heap after GC invocations=16 (full 2):
 PSYoungGen      total 25088K, used 2541K [0x00000000eab00000, 0x00000000ec680000, 0x0000000100000000)
  eden space 22016K, 0% used [0x00000000eab00000,0x00000000eab00000,0x00000000ec080000)
  from space 3072K, 82% used [0x00000000ec380000,0x00000000ec5fb510,0x00000000ec680000)
  to   space 3072K, 0% used [0x00000000ec080000,0x00000000ec080000,0x00000000ec380000)
 ParOldGen       total 68608K, used 19885K [0x00000000c0000000, 0x00000000c4300000, 0x00000000eab00000)
  object space 68608K, 28% used [0x00000000c0000000,0x00000000c136b6f0,0x00000000c4300000)
 Metaspace       used 40939K, committed 41600K, reserved 1114112K
  class space    used 4148K, committed 4416K, reserved 1048576K
}
Event: 12.766 GC heap before
{Heap before GC invocations=17 (full 2):
 PSYoungGen      total 25088K, used 24557K [0x00000000eab00000, 0x00000000ec680000, 0x0000000100000000)
  eden space 22016K, 99% used [0x00000000eab00000,0x00000000ec07ffe8,0x00000000ec080000)
  from space 3072K, 82% used [0x00000000ec380000,0x00000000ec5fb510,0x00000000ec680000)
  to   space 3072K, 0% used [0x00000000ec080000,0x00000000ec080000,0x00000000ec380000)
 ParOldGen       total 68608K, used 19885K [0x00000000c0000000, 0x00000000c4300000, 0x00000000eab00000)
  object space 68608K, 28% used [0x00000000c0000000,0x00000000c136b6f0,0x00000000c4300000)
 Metaspace       used 41004K, committed 41728K, reserved 1114112K
  class space    used 4155K, committed 4480K, reserved 1048576K
}
Event: 12.771 GC heap after
{Heap after GC invocations=17 (full 2):
 PSYoungGen      total 24576K, used 2532K [0x00000000eab00000, 0x00000000ec580000, 0x0000000100000000)
  eden space 22016K, 0% used [0x00000000eab00000,0x00000000eab00000,0x00000000ec080000)
  from space 2560K, 98% used [0x00000000ec080000,0x00000000ec2f9020,0x00000000ec300000)
  to   space 2560K, 0% used [0x00000000ec300000,0x00000000ec300000,0x00000000ec580000)
 ParOldGen       total 68608K, used 22355K [0x00000000c0000000, 0x00000000c4300000, 0x00000000eab00000)
  object space 68608K, 32% used [0x00000000c0000000,0x00000000c15d4c28,0x00000000c4300000)
 Metaspace       used 41004K, committed 41728K, reserved 1114112K
  class space    used 4155K, committed 4480K, reserved 1048576K
}
Event: 12.839 GC heap before
{Heap before GC invocations=18 (full 2):
 PSYoungGen      total 24576K, used 24548K [0x00000000eab00000, 0x00000000ec580000, 0x0000000100000000)
  eden space 22016K, 100% used [0x00000000eab00000,0x00000000ec080000,0x00000000ec080000)
  from space 2560K, 98% used [0x00000000ec080000,0x00000000ec2f9020,0x00000000ec300000)
  to   space 2560K, 0% used [0x00000000ec300000,0x00000000ec300000,0x00000000ec580000)
 ParOldGen       total 68608K, used 22355K [0x00000000c0000000, 0x00000000c4300000, 0x00000000eab00000)
  object space 68608K, 32% used [0x00000000c0000000,0x00000000c15d4c28,0x00000000c4300000)
 Metaspace       used 41006K, committed 41728K, reserved 1114112K
  class space    used 4155K, committed 4480K, reserved 1048576K
}
Event: 12.844 GC heap after
{Heap after GC invocations=18 (full 2):
 PSYoungGen      total 24576K, used 2144K [0x00000000eab00000, 0x00000000ec580000, 0x0000000100000000)
  eden space 22016K, 0% used [0x00000000eab00000,0x00000000eab00000,0x00000000ec080000)
  from space 2560K, 83% used [0x00000000ec300000,0x00000000ec518010,0x00000000ec580000)
  to   space 2560K, 0% used [0x00000000ec080000,0x00000000ec080000,0x00000000ec300000)
 ParOldGen       total 68608K, used 24751K [0x00000000c0000000, 0x00000000c4300000, 0x00000000eab00000)
  object space 68608K, 36% used [0x00000000c0000000,0x00000000c182bc48,0x00000000c4300000)
 Metaspace       used 41006K, committed 41728K, reserved 1114112K
  class space    used 4155K, committed 4480K, reserved 1048576K
}

Dll operation events (10 events):
Event: 0.015 Loaded shared library c:\Users\S3dwi\.vscode\extensions\redhat.java-1.35.1-win32-x64\jre\17.0.12-win32-x86_64\bin\java.dll
Event: 0.158 Loaded shared library c:\Users\S3dwi\.vscode\extensions\redhat.java-1.35.1-win32-x64\jre\17.0.12-win32-x86_64\bin\zip.dll
Event: 0.162 Loaded shared library C:\Users\S3dwi\.vscode\extensions\redhat.java-1.35.1-win32-x64\jre\17.0.12-win32-x86_64\bin\instrument.dll
Event: 0.186 Loaded shared library C:\Users\S3dwi\.vscode\extensions\redhat.java-1.35.1-win32-x64\jre\17.0.12-win32-x86_64\bin\net.dll
Event: 0.188 Loaded shared library C:\Users\S3dwi\.vscode\extensions\redhat.java-1.35.1-win32-x64\jre\17.0.12-win32-x86_64\bin\nio.dll
Event: 0.199 Loaded shared library C:\Users\S3dwi\.vscode\extensions\redhat.java-1.35.1-win32-x64\jre\17.0.12-win32-x86_64\bin\zip.dll
Event: 0.222 Loaded shared library C:\Users\S3dwi\.vscode\extensions\redhat.java-1.35.1-win32-x64\jre\17.0.12-win32-x86_64\bin\jimage.dll
Event: 0.297 Loaded shared library c:\Users\S3dwi\.vscode\extensions\redhat.java-1.35.1-win32-x64\jre\17.0.12-win32-x86_64\bin\verify.dll
Event: 4.579 Loaded shared library C:\Users\S3dwi\AppData\Roaming\Code\User\globalStorage\redhat.java\1.35.1\config_ss_win\org.eclipse.equinox.launcher\org.eclipse.equinox.launcher.win32.win32.x86_64_1.2.1100.v20240722-2106\eclipse_11904.dll
Event: 6.278 Loaded shared library C:\Users\S3dwi\AppData\Local\Temp\jna-78271478\jna18050847365029251362.dll

Deoptimization events (20 events):
Event: 11.947 Thread 0x00000257bbfb3e40 Uncommon trap: trap_request=0xffffff45 fr.pc=0x00000257ab2affd0 relative=0x00000000000009b0
Event: 11.947 Thread 0x00000257bbfb3e40 Uncommon trap: reason=unstable_if action=reinterpret pc=0x00000257ab2affd0 method=jdk.internal.jimage.ImageReader$SharedImageReader.findNode(Ljava/lang/String;)Ljdk/internal/jimage/ImageReader$Node; @ 25 c2
Event: 11.947 Thread 0x00000257bbfb3e40 DEOPT PACKING pc=0x00000257ab2affd0 sp=0x000000ca1e2fcaa0
Event: 11.947 Thread 0x00000257bbfb3e40 DEOPT UNPACKING pc=0x00000257aabc66a3 sp=0x000000ca1e2fca78 mode 2
Event: 11.947 Thread 0x00000257bbfb3e40 Uncommon trap: trap_request=0xffffff45 fr.pc=0x00000257ab2add20 relative=0x0000000000000180
Event: 11.947 Thread 0x00000257bbfb3e40 Uncommon trap: reason=unstable_if action=reinterpret pc=0x00000257ab2add20 method=jdk.internal.jrtfs.JrtPath.normalize(Ljava/lang/String;)Ljava/lang/String; @ 78 c2
Event: 11.947 Thread 0x00000257bbfb3e40 DEOPT PACKING pc=0x00000257ab2add20 sp=0x000000ca1e2fcd90
Event: 11.947 Thread 0x00000257bbfb3e40 DEOPT UNPACKING pc=0x00000257aabc66a3 sp=0x000000ca1e2fcd10 mode 2
Event: 12.308 Thread 0x00000257bbfb3e40 Uncommon trap: trap_request=0xffffff45 fr.pc=0x00000257ab2c19f8 relative=0x00000000000008f8
Event: 12.308 Thread 0x00000257bbfb3e40 Uncommon trap: reason=unstable_if action=reinterpret pc=0x00000257ab2c19f8 method=java.util.ArrayList.equalsRange(Ljava/util/List;II)Z @ 76 c2
Event: 12.308 Thread 0x00000257bbfb3e40 DEOPT PACKING pc=0x00000257ab2c19f8 sp=0x000000ca1e2fcf40
Event: 12.308 Thread 0x00000257bbfb3e40 DEOPT UNPACKING pc=0x00000257aabc66a3 sp=0x000000ca1e2fcee0 mode 2
Event: 12.570 Thread 0x00000257bbfb3e40 Uncommon trap: trap_request=0xffffffc6 fr.pc=0x00000257ab261318 relative=0x0000000000000ed8
Event: 12.570 Thread 0x00000257bbfb3e40 Uncommon trap: reason=bimorphic_or_optimized_type_check action=maybe_recompile pc=0x00000257ab261318 method=java.util.HashMap.putVal(ILjava/lang/Object;Ljava/lang/Object;ZZ)Ljava/lang/Object; @ 91 c2
Event: 12.570 Thread 0x00000257bbfb3e40 DEOPT PACKING pc=0x00000257ab261318 sp=0x000000ca1e2fe450
Event: 12.570 Thread 0x00000257bbfb3e40 DEOPT UNPACKING pc=0x00000257aabc66a3 sp=0x000000ca1e2fe2e8 mode 2
Event: 12.571 Thread 0x00000257bbfb3e40 Uncommon trap: trap_request=0xffffff45 fr.pc=0x00000257ab23b3c8 relative=0x0000000000000228
Event: 12.571 Thread 0x00000257bbfb3e40 Uncommon trap: reason=unstable_if action=reinterpret pc=0x00000257ab23b3c8 method=java.util.WeakHashMap.expungeStaleEntries()V @ 9 c2
Event: 12.571 Thread 0x00000257bbfb3e40 DEOPT PACKING pc=0x00000257ab23b3c8 sp=0x000000ca1e2fde80
Event: 12.571 Thread 0x00000257bbfb3e40 DEOPT UNPACKING pc=0x00000257aabc66a3 sp=0x000000ca1e2fde18 mode 2

Classes loaded (20 events):
Event: 11.917 Loading class java/lang/invoke/MethodHandleImpl$Makers
Event: 11.917 Loading class java/lang/invoke/MethodHandleImpl$Makers done
Event: 11.917 Loading class java/lang/invoke/MethodHandleImpl$Makers$1
Event: 11.918 Loading class java/lang/invoke/MethodHandleImpl$Makers$1 done
Event: 11.919 Loading class java/lang/invoke/MethodHandleImpl$Makers$2
Event: 11.919 Loading class java/lang/invoke/MethodHandleImpl$Makers$2 done
Event: 11.919 Loading class java/lang/invoke/MethodHandleImpl$Makers$3
Event: 11.919 Loading class java/lang/invoke/MethodHandleImpl$Makers$3 done
Event: 11.924 Loading class java/lang/invoke/DirectMethodHandle$EnsureInitialized
Event: 11.924 Loading class java/lang/invoke/DirectMethodHandle$EnsureInitialized done
Event: 11.925 Loading class java/lang/invoke/BoundMethodHandle$Species_I
Event: 11.925 Loading class java/lang/invoke/BoundMethodHandle$Species_I done
Event: 11.925 Loading class java/lang/runtime/ObjectMethods$1
Event: 11.925 Loading class java/lang/runtime/ObjectMethods$1 done
Event: 11.930 Loading class java/lang/invoke/DirectMethodHandle$1
Event: 11.930 Loading class java/lang/invoke/DirectMethodHandle$1 done
Event: 12.035 Loading class java/nio/channels/Channels$ReadableByteChannelImpl
Event: 12.035 Loading class java/nio/channels/Channels$ReadableByteChannelImpl done
Event: 12.036 Loading class java/nio/channels/NonWritableChannelException
Event: 12.036 Loading class java/nio/channels/NonWritableChannelException done

Classes unloaded (7 events):
Event: 5.186 Thread 0x00000257a0a548c0 Unloading class 0x000000010021bc00 'java/lang/invoke/LambdaForm$MH+0x000000010021bc00'
Event: 5.186 Thread 0x00000257a0a548c0 Unloading class 0x000000010021b800 'java/lang/invoke/LambdaForm$MH+0x000000010021b800'
Event: 5.186 Thread 0x00000257a0a548c0 Unloading class 0x000000010021b400 'java/lang/invoke/LambdaForm$MH+0x000000010021b400'
Event: 5.186 Thread 0x00000257a0a548c0 Unloading class 0x000000010021b000 'java/lang/invoke/LambdaForm$MH+0x000000010021b000'
Event: 5.186 Thread 0x00000257a0a548c0 Unloading class 0x000000010021ac00 'java/lang/invoke/LambdaForm$BMH+0x000000010021ac00'
Event: 5.186 Thread 0x00000257a0a548c0 Unloading class 0x000000010021a800 'java/lang/invoke/LambdaForm$DMH+0x000000010021a800'
Event: 5.186 Thread 0x00000257a0a548c0 Unloading class 0x0000000100211400 'java/lang/invoke/LambdaForm$DMH+0x0000000100211400'

Classes redefined (0 events):
No events

Internal exceptions (20 events):
Event: 11.649 Thread 0x00000257bbb48290 Exception <a 'java/io/FileNotFoundException'{0x00000000eafc2610}> (0x00000000eafc2610) 
thrown [s\src\hotspot\share\prims\jni.cpp, line 516]
Event: 11.649 Thread 0x00000257bbb48290 Exception <a 'java/io/FileNotFoundException'{0x00000000eafc3370}> (0x00000000eafc3370) 
thrown [s\src\hotspot\share\prims\jni.cpp, line 516]
Event: 11.692 Thread 0x00000257bbfb3e40 Exception <a 'sun/nio/fs/WindowsException'{0x00000000eb25a2a0}> (0x00000000eb25a2a0) 
thrown [s\src\hotspot\share\prims\jni.cpp, line 516]
Event: 11.693 Thread 0x00000257bbfb3e40 Exception <a 'java/io/FileNotFoundException'{0x00000000eb268b00}> (0x00000000eb268b00) 
thrown [s\src\hotspot\share\prims\jni.cpp, line 516]
Event: 11.693 Thread 0x00000257bbfb3e40 Exception <a 'java/io/FileNotFoundException'{0x00000000eb269b10}> (0x00000000eb269b10) 
thrown [s\src\hotspot\share\prims\jni.cpp, line 516]
Event: 11.712 Thread 0x00000257bbfb3e40 Exception <a 'java/lang/ClassNotFoundException'{0x00000000eb2959e8}: com/sun/org/apache/xerces/internal/impl/msg/spi/DOMMessagesProvider> (0x00000000eb2959e8) 
thrown [s\src\hotspot\share\classfile\systemDictionary.cpp, line 256]
Event: 11.712 Thread 0x00000257bbfb3e40 Exception <a 'java/lang/ClassNotFoundException'{0x00000000eb2a71a0}: com/sun/org/apache/xerces/internal/impl/msg/spi/XMLSerializerMessagesProvider> (0x00000000eb2a71a0) 
thrown [s\src\hotspot\share\classfile\systemDictionary.cpp, line 256]
Event: 11.713 Thread 0x00000257bbfb3e40 Exception <a 'java/lang/ClassNotFoundException'{0x00000000eb2b41d0}: com/sun/org/apache/xerces/internal/impl/msg/spi/XMLMessagesProvider> (0x00000000eb2b41d0) 
thrown [s\src\hotspot\share\classfile\systemDictionary.cpp, line 256]
Event: 11.771 Thread 0x00000257bbfb3e40 Exception <a 'java/lang/NoSuchMethodError'{0x00000000eb4e97b0}: 'java.lang.Object java.lang.invoke.Invokers$Holder.invoke_MT(java.lang.Object, java.lang.Object, java.lang.Object)'> (0x00000000eb4e97b0) 
thrown [s\src\hotspot\share\interpreter\linkResolver.cpp, line 759]
Event: 11.915 Thread 0x00000257bbfb3e40 Exception <a 'java/lang/NoSuchMethodError'{0x00000000eba84d10}: 'java.lang.Object java.lang.invoke.DirectMethodHandle$Holder.invokeStaticInit(java.lang.Object, java.lang.Object, java.lang.Object, java.lang.Object, java.lang.Object, java.lang.Object, java.lang.Object)'> (0x00000000eba84d10) 
thrown [s\src\hotspot\share\interpreter\linkResolver.cpp, line 759]
Event: 11.916 Thread 0x00000257bbfb3e40 Exception <a 'java/lang/NoSuchMethodError'{0x00000000eba8dff0}: 'java.lang.Object java.lang.invoke.DirectMethodHandle$Holder.invokeSpecial(java.lang.Object, java.lang.Object, java.lang.Object, java.lang.Object, java.lang.Object, java.lang.Object, java.lang.Object, java.lang.Object, java.lang.Object, java.lang.Object)'> (0x00000000eba8dff0) 
thrown [s\src\hotspot\share\interpreter\linkResolver.cpp, line 759]
Event: 11.917 Thread 0x00000257bbfb3e40 Exception <a 'java/lang/NoSuchMethodError'{0x00000000eba92880}: 'java.lang.Object java.lang.invoke.Invokers$Holder.invoke_MT(java.lang.Object, java.lang.Object, java.lang.Object, java.lang.Object, java.lang.Object, java.lang.Object, java.lang.Object, java.lang.Object, java.lang.Object, java.lang.Object)'> (0x00000000eba92880) 
thrown [s\src\hotspot\share\interpreter\linkResolver.cpp, line 759]
Event: 11.926 Thread 0x00000257bbfb3e40 Exception <a 'java/lang/NoSuchMethodError'{0x00000000ebad9220}: 'int java.lang.invoke.DirectMethodHandle$Holder.invokeVirtual(java.lang.Object, java.lang.Object, java.lang.Object)'> (0x00000000ebad9220) 
thrown [s\src\hotspot\share\interpreter\linkResolver.cpp, line 759]
Event: 11.926 Thread 0x00000257bbfb3e40 Exception <a 'java/lang/NoSuchMethodError'{0x00000000ebadda30}: 'int java.lang.invoke.DirectMethodHandle$Holder.invokeStaticInit(java.lang.Object, int, int)'> (0x00000000ebadda30) 
thrown [s\src\hotspot\share\interpreter\linkResolver.cpp, line 759]
Event: 11.928 Thread 0x00000257bbfb3e40 Exception <a 'java/lang/NoSuchMethodError'{0x00000000ebae54c8}: 'int java.lang.invoke.DirectMethodHandle$Holder.invokeStaticInit(java.lang.Object, long, long)'> (0x00000000ebae54c8) 
thrown [s\src\hotspot\share\interpreter\linkResolver.cpp, line 759]
Event: 11.928 Thread 0x00000257bbfb3e40 Exception <a 'java/lang/NoSuchMethodError'{0x00000000ebaec5c0}: 'int java.lang.invoke.DirectMethodHandle$Holder.invokeStaticInit(java.lang.Object, float, float)'> (0x00000000ebaec5c0) 
thrown [s\src\hotspot\share\interpreter\linkResolver.cpp, line 759]
Event: 11.929 Thread 0x00000257bbfb3e40 Exception <a 'java/lang/NoSuchMethodError'{0x00000000ebaf36c0}: 'int java.lang.invoke.DirectMethodHandle$Holder.invokeStaticInit(java.lang.Object, double, double)'> (0x00000000ebaf36c0) 
thrown [s\src\hotspot\share\interpreter\linkResolver.cpp, line 759]
Event: 11.929 Thread 0x00000257bbfb3e40 Exception <a 'java/lang/NoSuchMethodError'{0x00000000ebaf81e0}: 'int java.lang.invoke.DirectMethodHandle$Holder.invokeStatic(java.lang.Object, long)'> (0x00000000ebaf81e0) 
thrown [s\src\hotspot\share\interpreter\linkResolver.cpp, line 759]
Event: 11.945 Thread 0x00000257bbfb3e40 Exception <a 'java/lang/NoSuchMethodError'{0x00000000ebb20370}: 'int java.lang.invoke.Invokers$Holder.linkToTargetMethod(java.lang.Object, java.lang.Object)'> (0x00000000ebb20370) 
thrown [s\src\hotspot\share\interpreter\linkResolver.cpp, line 759]
Event: 12.691 Thread 0x00000257bbb47d80 Exception <a 'java/lang/NoSuchMethodError'{0x00000000eb25a6c8}: 'java.lang.Object java.lang.invoke.DirectMethodHandle$Holder.newInvokeSpecial(java.lang.Object, java.lang.Object, java.lang.Object, java.lang.Object, java.lang.Object, java.lang.Object)'> (0x00000000eb25a6c8) 
thrown [s\src\hotspot\share\interpreter\linkResolver.cpp, line 759]

VM Operations (20 events):
Event: 11.786 Executing VM operation: HandshakeAllThreads
Event: 11.787 Executing VM operation: HandshakeAllThreads done
Event: 11.788 Executing VM operation: HandshakeAllThreads
Event: 11.788 Executing VM operation: HandshakeAllThreads done
Event: 11.854 Executing VM operation: HandshakeAllThreads
Event: 11.854 Executing VM operation: HandshakeAllThreads done
Event: 12.036 Executing VM operation: HandshakeAllThreads
Event: 12.036 Executing VM operation: HandshakeAllThreads done
Event: 12.082 Executing VM operation: ParallelGCFailedAllocation
Event: 12.086 Executing VM operation: ParallelGCFailedAllocation done
Event: 12.362 Executing VM operation: ParallelGCFailedAllocation
Event: 12.368 Executing VM operation: ParallelGCFailedAllocation done
Event: 12.491 Executing VM operation: ParallelGCFailedAllocation
Event: 12.495 Executing VM operation: ParallelGCFailedAllocation done
Event: 12.656 Executing VM operation: ParallelGCFailedAllocation
Event: 12.661 Executing VM operation: ParallelGCFailedAllocation done
Event: 12.747 Executing VM operation: ParallelGCFailedAllocation
Event: 12.777 Executing VM operation: ParallelGCFailedAllocation done
Event: 12.839 Executing VM operation: ParallelGCFailedAllocation
Event: 12.845 Executing VM operation: ParallelGCFailedAllocation done

Events (20 events):
Event: 6.337 Thread 0x00000257bbb4b020 Thread added: 0x00000257bbb4b020
Event: 6.337 Thread 0x00000257bbb48cb0 Thread added: 0x00000257bbb48cb0
Event: 6.337 Thread 0x00000257bbb496d0 Thread added: 0x00000257bbb496d0
Event: 6.337 Thread 0x00000257bbb49be0 Thread added: 0x00000257bbb49be0
Event: 6.337 Thread 0x00000257bbfb61b0 Thread added: 0x00000257bbfb61b0
Event: 6.337 Thread 0x00000257bbfb10b0 Thread added: 0x00000257bbfb10b0
Event: 6.337 Thread 0x00000257bbfb15c0 Thread added: 0x00000257bbfb15c0
Event: 6.338 Thread 0x00000257bbfb66c0 Thread added: 0x00000257bbfb66c0
Event: 6.338 Thread 0x00000257bbfb70e0 Thread added: 0x00000257bbfb70e0
Event: 6.338 Thread 0x00000257bbfb1fe0 Thread added: 0x00000257bbfb1fe0
Event: 6.349 Thread 0x00000257bbfb2a00 Thread added: 0x00000257bbfb2a00
Event: 6.468 Thread 0x00000257bbfb3e40 Thread added: 0x00000257bbfb3e40
Event: 6.468 Thread 0x00000257bbfb8010 Thread added: 0x00000257bbfb8010
Event: 6.471 Thread 0x00000257bbf2fc10 Thread added: 0x00000257bbf2fc10
Event: 7.446 Thread 0x00000257bbf2fc10 Thread exited: 0x00000257bbf2fc10
Event: 7.448 Thread 0x00000257bbfb3420 Thread added: 0x00000257bbfb3420
Event: 10.180 Thread 0x00000257bb805880 Thread exited: 0x00000257bb805880
Event: 10.994 Thread 0x00000257bbfb0ba0 Thread added: 0x00000257bbfb0ba0
Event: 10.998 Thread 0x00000257bbfb0ba0 Thread exited: 0x00000257bbfb0ba0
Event: 11.414 Thread 0x00000257bd37c070 Thread added: 0x00000257bd37c070


Dynamic libraries:
0x00007ff767a10000 - 0x00007ff767a1e000 	c:\Users\S3dwi\.vscode\extensions\redhat.java-1.35.1-win32-x64\jre\17.0.12-win32-x86_64\bin\java.exe
0x00007ffb30c90000 - 0x00007ffb30e88000 	C:\Windows\SYSTEM32\ntdll.dll
0x00007ffb308a0000 - 0x00007ffb30962000 	C:\Windows\System32\KERNEL32.DLL
0x00007ffb2e340000 - 0x00007ffb2e63e000 	C:\Windows\System32\KERNELBASE.dll
0x00007ffb2e7f0000 - 0x00007ffb2e8f0000 	C:\Windows\System32\ucrtbase.dll
0x00007ffb26fe0000 - 0x00007ffb26ffb000 	c:\Users\S3dwi\.vscode\extensions\redhat.java-1.35.1-win32-x64\jre\17.0.12-win32-x86_64\bin\VCRUNTIME140.dll
0x00007ffb26fc0000 - 0x00007ffb26fd7000 	c:\Users\S3dwi\.vscode\extensions\redhat.java-1.35.1-win32-x64\jre\17.0.12-win32-x86_64\bin\jli.dll
0x00007ffb302d0000 - 0x00007ffb3046d000 	C:\Windows\System32\USER32.dll
0x00007ffb19840000 - 0x00007ffb19ada000 	C:\Windows\WinSxS\amd64_microsoft.windows.common-controls_6595b64144ccf1df_6.0.19041.4355_none_60b8b9eb71f62e16\COMCTL32.dll
0x00007ffb2e770000 - 0x00007ffb2e792000 	C:\Windows\System32\win32u.dll
0x00007ffb2faf0000 - 0x00007ffb2fb8e000 	C:\Windows\System32\msvcrt.dll
0x00007ffb2fb90000 - 0x00007ffb2fbbb000 	C:\Windows\System32\GDI32.dll
0x00007ffb2eb70000 - 0x00007ffb2ec87000 	C:\Windows\System32\gdi32full.dll
0x00007ffb2e6d0000 - 0x00007ffb2e76d000 	C:\Windows\System32\msvcp_win.dll
0x00007ffb302a0000 - 0x00007ffb302cf000 	C:\Windows\System32\IMM32.DLL
0x00007ffb29350000 - 0x00007ffb2935c000 	c:\Users\S3dwi\.vscode\extensions\redhat.java-1.35.1-win32-x64\jre\17.0.12-win32-x86_64\bin\vcruntime140_1.dll
0x00007ffb24f50000 - 0x00007ffb24fdd000 	c:\Users\S3dwi\.vscode\extensions\redhat.java-1.35.1-win32-x64\jre\17.0.12-win32-x86_64\bin\msvcp140.dll
0x00007ffab1930000 - 0x00007ffab259a000 	c:\Users\S3dwi\.vscode\extensions\redhat.java-1.35.1-win32-x64\jre\17.0.12-win32-x86_64\bin\server\jvm.dll
0x00007ffb2f430000 - 0x00007ffb2f4e0000 	C:\Windows\System32\ADVAPI32.dll
0x00007ffb2fe00000 - 0x00007ffb2fea0000 	C:\Windows\System32\sechost.dll
0x00007ffb30970000 - 0x00007ffb30a93000 	C:\Windows\System32\RPCRT4.dll
0x00007ffb2ec90000 - 0x00007ffb2ecb7000 	C:\Windows\System32\bcrypt.dll
0x00007ffb2fa80000 - 0x00007ffb2faeb000 	C:\Windows\System32\WS2_32.dll
0x00007ffb24610000 - 0x00007ffb24637000 	C:\Windows\SYSTEM32\WINMM.dll
0x00007ffb2dd00000 - 0x00007ffb2dd4b000 	C:\Windows\SYSTEM32\POWRPROF.dll
0x00007ffb28420000 - 0x00007ffb2842a000 	C:\Windows\SYSTEM32\VERSION.dll
0x00007ffb2dcb0000 - 0x00007ffb2dcc2000 	C:\Windows\SYSTEM32\UMPDC.dll
0x00007ffb2c100000 - 0x00007ffb2c112000 	C:\Windows\SYSTEM32\kernel.appcore.dll
0x00007ffb26f10000 - 0x00007ffb26f1a000 	c:\Users\S3dwi\.vscode\extensions\redhat.java-1.35.1-win32-x64\jre\17.0.12-win32-x86_64\bin\jimage.dll
0x00007ffb23930000 - 0x00007ffb23b14000 	C:\Windows\SYSTEM32\DBGHELP.DLL
0x00007ffb07d90000 - 0x00007ffb07dc4000 	C:\Windows\SYSTEM32\dbgcore.DLL
0x00007ffb2e640000 - 0x00007ffb2e6c2000 	C:\Windows\System32\bcryptPrimitives.dll
0x00007ffb24f20000 - 0x00007ffb24f2e000 	c:\Users\S3dwi\.vscode\extensions\redhat.java-1.35.1-win32-x64\jre\17.0.12-win32-x86_64\bin\instrument.dll
0x00007ffb248d0000 - 0x00007ffb248f5000 	c:\Users\S3dwi\.vscode\extensions\redhat.java-1.35.1-win32-x64\jre\17.0.12-win32-x86_64\bin\java.dll
0x00007ffb26bd0000 - 0x00007ffb26be8000 	c:\Users\S3dwi\.vscode\extensions\redhat.java-1.35.1-win32-x64\jre\17.0.12-win32-x86_64\bin\zip.dll
0x00007ffb2ecc0000 - 0x00007ffb2f42f000 	C:\Windows\System32\SHELL32.dll
0x00007ffb2c3e0000 - 0x00007ffb2cb84000 	C:\Windows\SYSTEM32\windows.storage.dll
0x00007ffb30470000 - 0x00007ffb307c3000 	C:\Windows\System32\combase.dll
0x00007ffb2dd70000 - 0x00007ffb2dd9e000 	C:\Windows\SYSTEM32\Wldp.dll
0x00007ffb30130000 - 0x00007ffb301fd000 	C:\Windows\System32\OLEAUT32.dll
0x00007ffb2fea0000 - 0x00007ffb2ff4d000 	C:\Windows\System32\SHCORE.dll
0x00007ffb2ff50000 - 0x00007ffb2ffa5000 	C:\Windows\System32\shlwapi.dll
0x00007ffb2e270000 - 0x00007ffb2e294000 	C:\Windows\SYSTEM32\profapi.dll
0x00007ffb26100000 - 0x00007ffb26119000 	C:\Users\S3dwi\.vscode\extensions\redhat.java-1.35.1-win32-x64\jre\17.0.12-win32-x86_64\bin\net.dll
0x00007ffb28590000 - 0x00007ffb2869d000 	C:\Windows\SYSTEM32\WINHTTP.dll
0x00007ffb2da60000 - 0x00007ffb2daca000 	C:\Windows\system32\mswsock.dll
0x00007ffb25ff0000 - 0x00007ffb26006000 	C:\Users\S3dwi\.vscode\extensions\redhat.java-1.35.1-win32-x64\jre\17.0.12-win32-x86_64\bin\nio.dll
0x00007ffb24f10000 - 0x00007ffb24f20000 	c:\Users\S3dwi\.vscode\extensions\redhat.java-1.35.1-win32-x64\jre\17.0.12-win32-x86_64\bin\verify.dll
0x00007ffb25140000 - 0x00007ffb25185000 	C:\Users\S3dwi\AppData\Roaming\Code\User\globalStorage\redhat.java\1.35.1\config_ss_win\org.eclipse.equinox.launcher\org.eclipse.equinox.launcher.win32.win32.x86_64_1.2.1100.v20240722-2106\eclipse_11904.dll
0x00007ffb2f950000 - 0x00007ffb2fa7b000 	C:\Windows\System32\ole32.dll
0x00007ffb2dc60000 - 0x00007ffb2dc78000 	C:\Windows\SYSTEM32\CRYPTSP.dll
0x00007ffb2d320000 - 0x00007ffb2d354000 	C:\Windows\system32\rsaenh.dll
0x00007ffb2e230000 - 0x00007ffb2e25e000 	C:\Windows\SYSTEM32\USERENV.dll
0x00007ffb2dc50000 - 0x00007ffb2dc5c000 	C:\Windows\SYSTEM32\CRYPTBASE.dll
0x00007ffb2d6e0000 - 0x00007ffb2d71b000 	C:\Windows\SYSTEM32\IPHLPAPI.DLL
0x00007ffb2fc20000 - 0x00007ffb2fc28000 	C:\Windows\System32\NSI.dll
0x00007ffb28de0000 - 0x00007ffb28df7000 	C:\Windows\SYSTEM32\dhcpcsvc6.DLL
0x00007ffb28dc0000 - 0x00007ffb28ddd000 	C:\Windows\SYSTEM32\dhcpcsvc.DLL
0x00007ffb2d720000 - 0x00007ffb2d7ea000 	C:\Windows\SYSTEM32\DNSAPI.dll
0x00007ffb250a0000 - 0x00007ffb250e9000 	C:\Users\S3dwi\AppData\Local\Temp\jna-78271478\jna18050847365029251362.dll
0x00007ffb30200000 - 0x00007ffb30208000 	C:\Windows\System32\PSAPI.DLL

dbghelp: loaded successfully - version: 4.0.5 - missing functions: none
symbol engine: initialized successfully - sym options: 0x614 - pdb path: .;c:\Users\S3dwi\.vscode\extensions\redhat.java-1.35.1-win32-x64\jre\17.0.12-win32-x86_64\bin;C:\Windows\SYSTEM32;C:\Windows\WinSxS\amd64_microsoft.windows.common-controls_6595b64144ccf1df_6.0.19041.4355_none_60b8b9eb71f62e16;c:\Users\S3dwi\.vscode\extensions\redhat.java-1.35.1-win32-x64\jre\17.0.12-win32-x86_64\bin\server;C:\Users\S3dwi\AppData\Roaming\Code\User\globalStorage\redhat.java\1.35.1\config_ss_win\org.eclipse.equinox.launcher\org.eclipse.equinox.launcher.win32.win32.x86_64_1.2.1100.v20240722-2106;C:\Users\S3dwi\AppData\Local\Temp\jna-78271478

VM Arguments:
jvm_args: --add-modules=ALL-SYSTEM --add-opens=java.base/java.util=ALL-UNNAMED --add-opens=java.base/java.lang=ALL-UNNAMED --add-opens=java.base/sun.nio.fs=ALL-UNNAMED -Declipse.application=org.eclipse.jdt.ls.core.id1 -Dosgi.bundles.defaultStartLevel=4 -Declipse.product=org.eclipse.jdt.ls.core.product -Djava.import.generatesMetadataFilesAtProjectRoot=false -DDetectVMInstallationsJob.disabled=true -Dfile.encoding=utf8 -XX:+UseParallelGC -XX:GCTimeRatio=4 -XX:AdaptiveSizePolicyWeight=90 -Dsun.zip.disableMemoryMapping=true -Xmx1G -Xms100m -Xlog:disable -javaagent:c:\Users\S3dwi\.vscode\extensions\redhat.java-1.35.1-win32-x64\lombok\lombok-1.18.33.jar 
java_command: c:\Users\S3dwi\.vscode\extensions\redhat.java-1.35.1-win32-x64\server\plugins\org.eclipse.equinox.launcher_1.6.900.v20240613-2009.jar -configuration c:\Users\S3dwi\AppData\Roaming\Code\User\globalStorage\redhat.java\1.35.1\config_ss_win -data c:\Users\S3dwi\AppData\Roaming\Code\User\workspaceStorage\b6c9b7849f7b5e5c9b540ff319470929\redhat.java\ss_ws --pipe=\\.\pipe\lsp-0ae36b753f5114b88507a72b305ae037-sock
java_class_path (initial): c:\Users\S3dwi\.vscode\extensions\redhat.java-1.35.1-win32-x64\server\plugins\org.eclipse.equinox.launcher_1.6.900.v20240613-2009.jar
Launcher Type: SUN_STANDARD

[Global flags]
    uintx AdaptiveSizePolicyWeight                 = 90                                        {product} {command line}
     intx CICompilerCount                          = 4                                         {product} {ergonomic}
    uintx GCTimeRatio                              = 4                                         {product} {command line}
   size_t InitialHeapSize                          = 104857600                                 {product} {command line}
   size_t MaxHeapSize                              = 1073741824                                {product} {command line}
   size_t MaxNewSize                               = 357564416                                 {product} {ergonomic}
   size_t MinHeapDeltaBytes                        = 524288                                    {product} {ergonomic}
   size_t MinHeapSize                              = 104857600                                 {product} {command line}
   size_t NewSize                                  = 34603008                                  {product} {ergonomic}
    uintx NonNMethodCodeHeapSize                   = 5839372                                {pd product} {ergonomic}
    uintx NonProfiledCodeHeapSize                  = 122909434                              {pd product} {ergonomic}
   size_t OldSize                                  = 70254592                                  {product} {ergonomic}
    uintx ProfiledCodeHeapSize                     = 122909434                              {pd product} {ergonomic}
    uintx ReservedCodeCacheSize                    = 251658240                              {pd product} {ergonomic}
     bool SegmentedCodeCache                       = true                                      {product} {ergonomic}
   size_t SoftMaxHeapSize                          = 1073741824                             {manageable} {ergonomic}
     bool UseCompressedClassPointers               = true                           {product lp64_product} {ergonomic}
     bool UseCompressedOops                        = true                           {product lp64_product} {ergonomic}
     bool UseLargePagesIndividualAllocation        = false                                  {pd product} {ergonomic}
     bool UseParallelGC                            = true                                      {product} {command line}

Logging:
Log output configuration:
 #0: stdout all=off uptime,level,tags
 #1: stderr all=off uptime,level,tags

Environment Variables:
JAVA_HOME=C:\Program Files\Java\jdk-21
PATH=C:\Program Files (x86)\VMware\VMware Workstation\bin\;C:\Users\S3dwi\AppData\Local\Programs\Python\Python312\Scripts\;C:\Users\S3dwi\AppData\Local\Programs\Python\Python312\;C:\Program Files\Common Files\Oracle\Java\javapath;C:\Windows\system32;C:\Windows;C:\Windows\System32\Wbem;C:\Windows\System32\WindowsPowerShell\v1.0\;C:\Windows\System32\OpenSSH\;C:\Program Files (x86)\NVIDIA Corporation\PhysX\Common;D:\Git\cmd;D:\Git\mingw64\bin;D:\Git\usr\bin;C:\Program Files\Java\jdk-21\bin;C:\Program Files\nodejs\;C:\ProgramData\chocolatey\bin;;C:\Program Files\NVIDIA Corporation\NVIDIA app\NvDLISR;C:\Program Files (x86)\Windows Kits\10\Windows Performance Toolkit\;C:\Users\S3dwi\AppData\Local\Programs\Python\Launcher\;C:\Users\S3dwi\AppData\Local\Microsoft\WindowsApps;D:\Microsoft VS Code\bin;C:\src\flutter\bin;C:\Users\S3dwi\AppData\Roaming\npm;C:\Users\S3dwi\AppData\Local\GitHubDesktop\bin
USERNAME=S3dwi
OS=Windows_NT
PROCESSOR_IDENTIFIER=Intel64 Family 6 Model 165 Stepping 3, GenuineIntel
TMP=C:\Users\S3dwi\AppData\Local\Temp
TEMP=C:\Users\S3dwi\AppData\Local\Temp



Periodic native trim disabled


---------------  S Y S T E M  ---------------

OS:
 Windows 10 , 64 bit Build 19041 (10.0.19041.4957)
OS uptime: 2 days 2:41 hours

CPU: total 12 (initial active 12) (6 cores per cpu, 2 threads per core) family 6 model 165 stepping 3 microcode 0xea, cx8, cmov, fxsr, ht, mmx, 3dnowpref, sse, sse2, sse3, ssse3, sse4.1, sse4.2, popcnt, lzcnt, tsc, tscinvbit, avx, avx2, aes, erms, clmul, bmi1, bmi2, adx, fma, vzeroupper, clflush, clflushopt
Processor Information for all 12 processors :
  Max Mhz: 2904, Current Mhz: 2904, Mhz Limit: 2904

Memory: 4k page, system-wide physical 16278M (363M free)
TotalPageFile size 41208M (AvailPageFile size 0M)
current process WorkingSet (physical memory assigned to process): 196M, peak: 196M
current process commit charge ("private bytes"): 287M, peak: 298M

vm_info: OpenJDK 64-Bit Server VM (17.0.12+7) for windows-amd64 JRE (17.0.12+7), built on Jul 16 2024 22:08:24 by "admin" with MS VC++ 16.10 / 16.11 (VS2019)

END.
